<?xml version="1.0" encoding="UTF-8"?>
<!-- Generated by org.testng.reporters.JUnitXMLReporter -->
<testsuite hostname="DESKTOP-P1P3PLC" ignored="0" name="Test" tests="3" failures="0" timestamp="2022-02-08T00:19:12 MST" time="82.724" errors="0">
  <testcase name="creatLeads" time="11.643" classname="ConnectExcelWithDataProvider.CreatLead"/>
  <testcase name="creatLeads" time="11.682" classname="ConnectExcelWithDataProvider.CreatLead"/>
  <testcase name="creatLeads" time="12.226" classname="ConnectExcelWithDataProvider.CreatLead"/>
</testsuite> <!-- Test -->
