<?xml version="1.0" encoding="UTF-8"?>
<testng-results skipped="0" failed="0" ignored="0" total="1" passed="1">
  <reporter-output>
  </reporter-output>
  <suite name="Default suite" duration-ms="40095" started-at="2022-03-03T21:07:24 MST" finished-at="2022-03-03T21:08:04 MST">
    <groups>
    </groups>
    <test name="Default test" duration-ms="40095" started-at="2022-03-03T21:07:24 MST" finished-at="2022-03-03T21:08:04 MST">
      <class name="testNGDEMO.CreateLead">
        <test-method status="PASS" signature="createLead()[pri:0, instance:testNGDEMO.CreateLead@6c49835d]" name="createLead" duration-ms="40027" started-at="2022-03-03T21:07:24 MST" finished-at="2022-03-03T21:08:04 MST">
          <reporter-output>
          </reporter-output>
        </test-method> <!-- createLead -->
      </class> <!-- testNGDEMO.CreateLead -->
    </test> <!-- Default test -->
  </suite> <!-- Default suite -->
</testng-results>
